# JRE version: OpenJDK Runtime Environment (8.0_202-b03) (build 1.8.0_202-release-1483-b03)
# Java VM: OpenJDK 64-Bit Server VM (25.202-b03 mixed mode windows-amd64 compressed oops)
Heap:
 PSYoungGen      total 280576K, used 208167K [0x00000000e0000000, 0x00000000f3e00000, 0x0000000100000000)
  eden space 240640K, 74% used [0x00000000e0000000,0x00000000eae99370,0x00000000eeb00000)
  from space 39936K, 73% used [0x00000000f1480000,0x00000000f3130ab0,0x00000000f3b80000)
  to   space 42496K, 0% used [0x00000000eeb00000,0x00000000eeb00000,0x00000000f1480000)
 ParOldGen       total 281600K, used 75179K [0x00000000a0000000, 0x00000000b1300000, 0x00000000e0000000)
  object space 281600K, 26% used [0x00000000a0000000,0x00000000a496afd0,0x00000000b1300000)
 Metaspace       used 89162K, capacity 92900K, committed 93096K, reserved 1130496K
  class space    used 11680K, capacity 12397K, committed 12464K, reserved 1048576K
GC Heap History (10 events):
Event: 4.008 GC heap before
{Heap before GC invocations=11 (full 3):
 PSYoungGen      total 205312K, used 16895K [0x00000000e0000000, 0x00000000ee800000, 0x0000000100000000)
  eden space 188416K, 0% used [0x00000000e0000000,0x00000000e0000000,0x00000000eb800000)
  from space 16896K, 99% used [0x00000000ecd80000,0x00000000eddffee0,0x00000000ede00000)
  to   space 22016K, 0% used [0x00000000eb800000,0x00000000eb800000,0x00000000ecd80000)
 ParOldGen       total 181760K, used 26373K [0x00000000a0000000, 0x00000000ab180000, 0x00000000e0000000)
  object space 181760K, 14% used [0x00000000a0000000,0x00000000a19c1580,0x00000000ab180000)
 Metaspace       used 57391K, capacity 59074K, committed 59160K, reserved 1099776K
  class space    used 7734K, capacity 8094K, committed 8112K, reserved 1048576K
Event: 4.122 GC heap after
Heap after GC invocations=11 (full 3):
 PSYoungGen      total 205312K, used 0K [0x00000000e0000000, 0x00000000ee800000, 0x0000000100000000)
  eden space 188416K, 0% used [0x00000000e0000000,0x00000000e0000000,0x00000000eb800000)
  from space 16896K, 0% used [0x00000000ecd80000,0x00000000ecd80000,0x00000000ede00000)
  to   space 22016K, 0% used [0x00000000eb800000,0x00000000eb800000,0x00000000ecd80000)
 ParOldGen       total 281600K, used 36844K [0x00000000a0000000, 0x00000000b1300000, 0x00000000e0000000)
  object space 281600K, 13% used [0x00000000a0000000,0x00000000a23fb200,0x00000000b1300000)
 Metaspace       used 57391K, capacity 59074K, committed 59160K, reserved 1099776K
  class space    used 7734K, capacity 8094K, committed 8112K, reserved 1048576K
}
Event: 9.036 GC heap before
{Heap before GC invocations=12 (full 3):
 PSYoungGen      total 205312K, used 188416K [0x00000000e0000000, 0x00000000ee800000, 0x0000000100000000)
  eden space 188416K, 100% used [0x00000000e0000000,0x00000000eb800000,0x00000000eb800000)
  from space 16896K, 0% used [0x00000000ecd80000,0x00000000ecd80000,0x00000000ede00000)
  to   space 22016K, 0% used [0x00000000eb800000,0x00000000eb800000,0x00000000ecd80000)
 ParOldGen       total 281600K, used 36844K [0x00000000a0000000, 0x00000000b1300000, 0x00000000e0000000)
  object space 281600K, 13% used [0x00000000a0000000,0x00000000a23fb200,0x00000000b1300000)
 Metaspace       used 65392K, capacity 67684K, committed 67752K, reserved 1107968K
  class space    used 8620K, capacity 9115K, committed 9136K, reserved 1048576K
Event: 9.049 GC heap after
Heap after GC invocations=12 (full 3):
 PSYoungGen      total 210432K, used 15567K [0x00000000e0000000, 0x00000000efb00000, 0x0000000100000000)
  eden space 188416K, 0% used [0x00000000e0000000,0x00000000e0000000,0x00000000eb800000)
  from space 22016K, 70% used [0x00000000eb800000,0x00000000ec733c40,0x00000000ecd80000)
  to   space 22016K, 0% used [0x00000000ee580000,0x00000000ee580000,0x00000000efb00000)
 ParOldGen       total 281600K, used 36852K [0x00000000a0000000, 0x00000000b1300000, 0x00000000e0000000)
  object space 281600K, 13% used [0x00000000a0000000,0x00000000a23fd200,0x00000000b1300000)
 Metaspace       used 65392K, capacity 67684K, committed 67752K, reserved 1107968K
  class space    used 8620K, capacity 9115K, committed 9136K, reserved 1048576K
}
Event: 10.620 GC heap before
{Heap before GC invocations=13 (full 3):
 PSYoungGen      total 210432K, used 203983K [0x00000000e0000000, 0x00000000efb00000, 0x0000000100000000)
  eden space 188416K, 100% used [0x00000000e0000000,0x00000000eb800000,0x00000000eb800000)
  from space 22016K, 70% used [0x00000000eb800000,0x00000000ec733c40,0x00000000ecd80000)
  to   space 22016K, 0% used [0x00000000ee580000,0x00000000ee580000,0x00000000efb00000)
 ParOldGen       total 281600K, used 36852K [0x00000000a0000000, 0x00000000b1300000, 0x00000000e0000000)
  object space 281600K, 13% used [0x00000000a0000000,0x00000000a23fd200,0x00000000b1300000)
 Metaspace       used 68735K, capacity 71260K, committed 71464K, reserved 1112064K
  class space    used 8955K, capacity 9495K, committed 9520K, reserved 1048576K
Event: 10.632 GC heap after
Heap after GC invocations=13 (full 3):
 PSYoungGen      total 233472K, used 17761K [0x00000000e0000000, 0x00000000efb80000, 0x0000000100000000)
  eden space 211456K, 0% used [0x00000000e0000000,0x00000000e0000000,0x00000000ece80000)
  from space 22016K, 80% used [0x00000000ee580000,0x00000000ef6d85b8,0x00000000efb00000)
  to   space 23040K, 0% used [0x00000000ece80000,0x00000000ece80000,0x00000000ee500000)
 ParOldGen       total 281600K, used 36860K [0x00000000a0000000, 0x00000000b1300000, 0x00000000e0000000)
  object space 281600K, 13% used [0x00000000a0000000,0x00000000a23ff200,0x00000000b1300000)
 Metaspace       used 68735K, capacity 71260K, committed 71464K, reserved 1112064K
  class space    used 8955K, capacity 9495K, committed 9520K, reserved 1048576K
}
Event: 11.726 GC heap before
{Heap before GC invocations=14 (full 3):
 PSYoungGen      total 233472K, used 229217K [0x00000000e0000000, 0x00000000efb80000, 0x0000000100000000)
  eden space 211456K, 100% used [0x00000000e0000000,0x00000000ece80000,0x00000000ece80000)
  from space 22016K, 80% used [0x00000000ee580000,0x00000000ef6d85b8,0x00000000efb00000)
  to   space 23040K, 0% used [0x00000000ece80000,0x00000000ece80000,0x00000000ee500000)
 ParOldGen       total 281600K, used 36860K [0x00000000a0000000, 0x00000000b1300000, 0x00000000e0000000)
  object space 281600K, 13% used [0x00000000a0000000,0x00000000a23ff200,0x00000000b1300000)
 Metaspace       used 74837K, capacity 77710K, committed 77864K, reserved 1116160K
  class space    used 9878K, capacity 10482K, committed 10544K, reserved 1048576K
Event: 11.751 GC heap after
Heap after GC invocations=14 (full 3):
 PSYoungGen      total 234496K, used 23010K [0x00000000e0000000, 0x00000000f3b80000, 0x0000000100000000)
  eden space 211456K, 0% used [0x00000000e0000000,0x00000000e0000000,0x00000000ece80000)
  from space 23040K, 99% used [0x00000000ece80000,0x00000000ee4f8b18,0x00000000ee500000)
  to   space 39936K, 0% used [0x00000000f1480000,0x00000000f1480000,0x00000000f3b80000)
 ParOldGen       total 281600K, used 75171K [0x00000000a0000000, 0x00000000b1300000, 0x00000000e0000000)
  object space 281600K, 26% used [0x00000000a0000000,0x00000000a4968fd0,0x00000000b1300000)
 Metaspace       used 74837K, capacity 77710K, committed 77864K, reserved 1116160K
  class space    used 9878K, capacity 10482K, committed 10544K, reserved 1048576K
}
Event: 14.235 GC heap before
{Heap before GC invocations=15 (full 3):
 PSYoungGen      total 234496K, used 234466K [0x00000000e0000000, 0x00000000f3b80000, 0x0000000100000000)
  eden space 211456K, 100% used [0x00000000e0000000,0x00000000ece80000,0x00000000ece80000)
  from space 23040K, 99% used [0x00000000ece80000,0x00000000ee4f8b18,0x00000000ee500000)
  to   space 39936K, 0% used [0x00000000f1480000,0x00000000f1480000,0x00000000f3b80000)
 ParOldGen       total 281600K, used 75171K [0x00000000a0000000, 0x00000000b1300000, 0x00000000e0000000)
  object space 281600K, 26% used [0x00000000a0000000,0x00000000a4968fd0,0x00000000b1300000)
 Metaspace       used 83766K, capacity 87176K, committed 87336K, reserved 1124352K
  class space    used 11125K, capacity 11811K, committed 11824K, reserved 1048576K
Event: 14.253 GC heap after
Heap after GC invocations=15 (full 3):
 PSYoungGen      total 280576K, used 29378K [0x00000000e0000000, 0x00000000f3e00000, 0x0000000100000000)
  eden space 240640K, 0% used [0x00000000e0000000,0x00000000e0000000,0x00000000eeb00000)
  from space 39936K, 73% used [0x00000000f1480000,0x00000000f3130ab0,0x00000000f3b80000)
  to   space 42496K, 0% used [0x00000000eeb00000,0x00000000eeb00000,0x00000000f1480000)
 ParOldGen       total 281600K, used 75179K [0x00000000a0000000, 0x00000000b1300000, 0x00000000e0000000)
  object space 281600K, 26% used [0x00000000a0000000,0x00000000a496afd0,0x00000000b1300000)
 Metaspace       used 83766K, capacity 87176K, committed 87336K, reserved 1124352K
  class space    used 11125K, capacity 11811K, committed 11824K, reserved 1048576K
}

