# JRE version: OpenJDK Runtime Environment (8.0_202-b03) (build 1.8.0_202-release-1483-b03)
# Java VM: OpenJDK 64-Bit Server VM (25.202-b03 mixed mode windows-amd64 compressed oops)
Heap:
 PSYoungGen      total 271360K, used 271293K [0x00000000e0000000, 0x00000000f2c00000, 0x0000000100000000)
  eden space 253440K, 100% used [0x00000000e0000000,0x00000000ef780000,0x00000000ef780000)
  from space 17920K, 99% used [0x00000000f1a80000,0x00000000f2bef4c8,0x00000000f2c00000)
  to   space 23552K, 50% used [0x00000000efe00000,0x00000000f098c530,0x00000000f1500000)
 ParOldGen       total 233472K, used 45879K [0x00000000a0000000, 0x00000000ae400000, 0x00000000e0000000)
  object space 233472K, 19% used [0x00000000a0000000,0x00000000a2ccddd8,0x00000000ae400000)
 Metaspace       used 70196K, capacity 73544K, committed 73752K, reserved 1112064K
  class space    used 9515K, capacity 10167K, committed 10264K, reserved 1048576K
GC Heap History (10 events):
Event: 3.267 GC heap after
Heap after GC invocations=9 (full 2):
 PSYoungGen      total 155136K, used 14331K [0x00000000e0000000, 0x00000000ed980000, 0x0000000100000000)
  eden space 140800K, 0% used [0x00000000e0000000,0x00000000e0000000,0x00000000e8980000)
  from space 14336K, 99% used [0x00000000e8980000,0x00000000e977ee70,0x00000000e9780000)
  to   space 17408K, 0% used [0x00000000ec880000,0x00000000ec880000,0x00000000ed980000)
 ParOldGen       total 185344K, used 19563K [0x00000000a0000000, 0x00000000ab500000, 0x00000000e0000000)
  object space 185344K, 10% used [0x00000000a0000000,0x00000000a131adb8,0x00000000ab500000)
 Metaspace       used 46655K, capacity 47942K, committed 48040K, reserved 1091584K
  class space    used 6293K, capacity 6565K, committed 6568K, reserved 1048576K
}
Event: 4.008 GC heap before
{Heap before GC invocations=10 (full 2):
 PSYoungGen      total 155136K, used 155131K [0x00000000e0000000, 0x00000000ed980000, 0x0000000100000000)
  eden space 140800K, 100% used [0x00000000e0000000,0x00000000e8980000,0x00000000e8980000)
  from space 14336K, 99% used [0x00000000e8980000,0x00000000e977ee70,0x00000000e9780000)
  to   space 17408K, 0% used [0x00000000ec880000,0x00000000ec880000,0x00000000ed980000)
 ParOldGen       total 185344K, used 19563K [0x00000000a0000000, 0x00000000ab500000, 0x00000000e0000000)
  object space 185344K, 10% used [0x00000000a0000000,0x00000000a131adb8,0x00000000ab500000)
 Metaspace       used 57121K, capacity 58910K, committed 59048K, reserved 1099776K
  class space    used 7700K, capacity 8103K, committed 8104K, reserved 1048576K
Event: 4.019 GC heap after
Heap after GC invocations=10 (full 2):
 PSYoungGen      total 200192K, used 17389K [0x00000000e0000000, 0x00000000ee280000, 0x0000000100000000)
  eden space 182784K, 0% used [0x00000000e0000000,0x00000000e0000000,0x00000000eb280000)
  from space 17408K, 99% used [0x00000000ec880000,0x00000000ed97b410,0x00000000ed980000)
  to   space 22528K, 0% used [0x00000000eb280000,0x00000000eb280000,0x00000000ec880000)
 ParOldGen       total 185344K, used 26045K [0x00000000a0000000, 0x00000000ab500000, 0x00000000e0000000)
  object space 185344K, 14% used [0x00000000a0000000,0x00000000a196f750,0x00000000ab500000)
 Metaspace       used 57121K, capacity 58910K, committed 59048K, reserved 1099776K
  class space    used 7700K, capacity 8103K, committed 8104K, reserved 1048576K
}
Event: 4.031 GC heap before
{Heap before GC invocations=11 (full 2):
 PSYoungGen      total 200192K, used 21392K [0x00000000e0000000, 0x00000000ee280000, 0x0000000100000000)
  eden space 182784K, 2% used [0x00000000e0000000,0x00000000e03e8e30,0x00000000eb280000)
  from space 17408K, 99% used [0x00000000ec880000,0x00000000ed97b410,0x00000000ed980000)
  to   space 22528K, 0% used [0x00000000eb280000,0x00000000eb280000,0x00000000ec880000)
 ParOldGen       total 185344K, used 26045K [0x00000000a0000000, 0x00000000ab500000, 0x00000000e0000000)
  object space 185344K, 14% used [0x00000000a0000000,0x00000000a196f750,0x00000000ab500000)
 Metaspace       used 57230K, capacity 58996K, committed 59160K, reserved 1099776K
  class space    used 7717K, capacity 8110K, committed 8216K, reserved 1048576K
Event: 4.039 GC heap after
Heap after GC invocations=11 (full 2):
 PSYoungGen      total 205312K, used 15604K [0x00000000e0000000, 0x00000000f3080000, 0x0000000100000000)
  eden space 182784K, 0% used [0x00000000e0000000,0x00000000e0000000,0x00000000eb280000)
  from space 22528K, 69% used [0x00000000eb280000,0x00000000ec1bd310,0x00000000ec880000)
  to   space 22528K, 0% used [0x00000000f1a80000,0x00000000f1a80000,0x00000000f3080000)
 ParOldGen       total 185344K, used 26045K [0x00000000a0000000, 0x00000000ab500000, 0x00000000e0000000)
  object space 185344K, 14% used [0x00000000a0000000,0x00000000a196f750,0x00000000ab500000)
 Metaspace       used 57230K, capacity 58996K, committed 59160K, reserved 1099776K
  class space    used 7717K, capacity 8110K, committed 8216K, reserved 1048576K
}
Event: 4.039 GC heap before
{Heap before GC invocations=12 (full 3):
 PSYoungGen      total 205312K, used 15604K [0x00000000e0000000, 0x00000000f3080000, 0x0000000100000000)
  eden space 182784K, 0% used [0x00000000e0000000,0x00000000e0000000,0x00000000eb280000)
  from space 22528K, 69% used [0x00000000eb280000,0x00000000ec1bd310,0x00000000ec880000)
  to   space 22528K, 0% used [0x00000000f1a80000,0x00000000f1a80000,0x00000000f3080000)
 ParOldGen       total 185344K, used 26045K [0x00000000a0000000, 0x00000000ab500000, 0x00000000e0000000)
  object space 185344K, 14% used [0x00000000a0000000,0x00000000a196f750,0x00000000ab500000)
 Metaspace       used 57230K, capacity 58996K, committed 59160K, reserved 1099776K
  class space    used 7717K, capacity 8110K, committed 8216K, reserved 1048576K
Event: 4.164 GC heap after
Heap after GC invocations=12 (full 3):
 PSYoungGen      total 205312K, used 0K [0x00000000e0000000, 0x00000000f3080000, 0x0000000100000000)
  eden space 182784K, 0% used [0x00000000e0000000,0x00000000e0000000,0x00000000eb280000)
  from space 22528K, 0% used [0x00000000eb280000,0x00000000eb280000,0x00000000ec880000)
  to   space 22528K, 0% used [0x00000000f1a80000,0x00000000f1a80000,0x00000000f3080000)
 ParOldGen       total 233472K, used 30263K [0x00000000a0000000, 0x00000000ae400000, 0x00000000e0000000)
  object space 233472K, 12% used [0x00000000a0000000,0x00000000a1d8dd08,0x00000000ae400000)
 Metaspace       used 57222K, capacity 58972K, committed 59160K, reserved 1099776K
  class space    used 7714K, capacity 8106K, committed 8216K, reserved 1048576K
}
Event: 4.735 GC heap before
{Heap before GC invocations=13 (full 3):
 PSYoungGen      total 205312K, used 182784K [0x00000000e0000000, 0x00000000f3080000, 0x0000000100000000)
  eden space 182784K, 100% used [0x00000000e0000000,0x00000000eb280000,0x00000000eb280000)
  from space 22528K, 0% used [0x00000000eb280000,0x00000000eb280000,0x00000000ec880000)
  to   space 22528K, 0% used [0x00000000f1a80000,0x00000000f1a80000,0x00000000f3080000)
 ParOldGen       total 233472K, used 30263K [0x00000000a0000000, 0x00000000ae400000, 0x00000000e0000000)
  object space 233472K, 12% used [0x00000000a0000000,0x00000000a1d8dd08,0x00000000ae400000)
 Metaspace       used 60602K, capacity 62678K, committed 62872K, reserved 1103872K
  class space    used 8257K, capacity 8754K, committed 8856K, reserved 1048576K
Event: 4.744 GC heap after
Heap after GC invocations=13 (full 3):
 PSYoungGen      total 271360K, used 17853K [0x00000000e0000000, 0x00000000f2c00000, 0x0000000100000000)
  eden space 253440K, 0% used [0x00000000e0000000,0x00000000e0000000,0x00000000ef780000)
  from space 17920K, 99% used [0x00000000f1a80000,0x00000000f2bef4c8,0x00000000f2c00000)
  to   space 23552K, 0% used [0x00000000efe00000,0x00000000efe00000,0x00000000f1500000)
 ParOldGen       total 233472K, used 30271K [0x00000000a0000000, 0x00000000ae400000, 0x00000000e0000000)
  object space 233472K, 12% used [0x00000000a0000000,0x00000000a1d8fd08,0x00000000ae400000)
 Metaspace       used 60602K, capacity 62678K, committed 62872K, reserved 1103872K
  class space    used 8257K, capacity 8754K, committed 8856K, reserved 1048576K
}
Event: 6.103 GC heap before
{Heap before GC invocations=14 (full 3):
 PSYoungGen      total 271360K, used 271293K [0x00000000e0000000, 0x00000000f2c00000, 0x0000000100000000)
  eden space 253440K, 100% used [0x00000000e0000000,0x00000000ef780000,0x00000000ef780000)
  from space 17920K, 99% used [0x00000000f1a80000,0x00000000f2bef4c8,0x00000000f2c00000)
  to   space 23552K, 0% used [0x00000000efe00000,0x00000000efe00000,0x00000000f1500000)
 ParOldGen       total 233472K, used 30271K [0x00000000a0000000, 0x00000000ae400000, 0x00000000e0000000)
  object space 233472K, 12% used [0x00000000a0000000,0x00000000a1d8fd08,0x00000000ae400000)
 Metaspace       used 70196K, capacity 73544K, committed 73752K, reserved 1112064K
  class space    used 9515K, capacity 10167K, committed 10264K, reserved 1048576K

