# JRE version: OpenJDK Runtime Environment (8.0_202-b03) (build 1.8.0_202-release-1483-b03)
# Java VM: OpenJDK 64-Bit Server VM (25.202-b03 mixed mode windows-amd64 compressed oops)
Heap:
 PSYoungGen      total 331776K, used 86837K [0x00000000e0000000, 0x00000000f7180000, 0x0000000100000000)
  eden space 290816K, 26% used [0x00000000e0000000,0x00000000e4ac14c0,0x00000000f1c00000)
  from space 40960K, 25% used [0x00000000f1c00000,0x00000000f260c030,0x00000000f4400000)
  to   space 39424K, 0% used [0x00000000f4b00000,0x00000000f4b00000,0x00000000f7180000)
 ParOldGen       total 389632K, used 57953K [0x00000000a0000000, 0x00000000b7c80000, 0x00000000e0000000)
  object space 389632K, 14% used [0x00000000a0000000,0x00000000a38985f0,0x00000000b7c80000)
 Metaspace       used 104384K, capacity 111368K, committed 113428K, reserved 1148928K
  class space    used 13250K, capacity 14374K, committed 14908K, reserved 1048576K
GC Heap History (10 events):
Event: 27464.158 GC heap before
{Heap before GC invocations=35 (full 6):
 PSYoungGen      total 308224K, used 265216K [0x00000000e0000000, 0x00000000f5900000, 0x0000000100000000)
  eden space 265216K, 100% used [0x00000000e0000000,0x00000000f0300000,0x00000000f0300000)
  from space 43008K, 0% used [0x00000000f2f00000,0x00000000f2f00000,0x00000000f5900000)
  to   space 44032K, 0% used [0x00000000f0300000,0x00000000f0300000,0x00000000f2e00000)
 ParOldGen       total 389632K, used 57921K [0x00000000a0000000, 0x00000000b7c80000, 0x00000000e0000000)
  object space 389632K, 14% used [0x00000000a0000000,0x00000000a38905f0,0x00000000b7c80000)
 Metaspace       used 102432K, capacity 109096K, committed 112148K, reserved 1146880K
  class space    used 13153K, capacity 14200K, committed 14908K, reserved 1048576K
Event: 27464.165 GC heap after
Heap after GC invocations=35 (full 6):
 PSYoungGen      total 309248K, used 6018K [0x00000000e0000000, 0x00000000f6680000, 0x0000000100000000)
  eden space 265216K, 0% used [0x00000000e0000000,0x00000000e0000000,0x00000000f0300000)
  from space 44032K, 13% used [0x00000000f0300000,0x00000000f08e0890,0x00000000f2e00000)
  to   space 44032K, 0% used [0x00000000f3b80000,0x00000000f3b80000,0x00000000f6680000)
 ParOldGen       total 389632K, used 57929K [0x00000000a0000000, 0x00000000b7c80000, 0x00000000e0000000)
  object space 389632K, 14% used [0x00000000a0000000,0x00000000a38925f0,0x00000000b7c80000)
 Metaspace       used 102432K, capacity 109096K, committed 112148K, reserved 1146880K
  class space    used 13153K, capacity 14200K, committed 14908K, reserved 1048576K
}
Event: 27464.610 GC heap before
{Heap before GC invocations=36 (full 6):
 PSYoungGen      total 309248K, used 271234K [0x00000000e0000000, 0x00000000f6680000, 0x0000000100000000)
  eden space 265216K, 100% used [0x00000000e0000000,0x00000000f0300000,0x00000000f0300000)
  from space 44032K, 13% used [0x00000000f0300000,0x00000000f08e0890,0x00000000f2e00000)
  to   space 44032K, 0% used [0x00000000f3b80000,0x00000000f3b80000,0x00000000f6680000)
 ParOldGen       total 389632K, used 57929K [0x00000000a0000000, 0x00000000b7c80000, 0x00000000e0000000)
  object space 389632K, 14% used [0x00000000a0000000,0x00000000a38925f0,0x00000000b7c80000)
 Metaspace       used 102939K, capacity 109588K, committed 112404K, reserved 1146880K
  class space    used 13164K, capacity 14206K, committed 14908K, reserved 1048576K
Event: 27464.614 GC heap after
Heap after GC invocations=36 (full 6):
 PSYoungGen      total 324096K, used 9293K [0x00000000e0000000, 0x00000000f6700000, 0x0000000100000000)
  eden space 280064K, 0% used [0x00000000e0000000,0x00000000e0000000,0x00000000f1180000)
  from space 44032K, 21% used [0x00000000f3b80000,0x00000000f4493640,0x00000000f6680000)
  to   space 43008K, 0% used [0x00000000f1180000,0x00000000f1180000,0x00000000f3b80000)
 ParOldGen       total 389632K, used 57929K [0x00000000a0000000, 0x00000000b7c80000, 0x00000000e0000000)
  object space 389632K, 14% used [0x00000000a0000000,0x00000000a38925f0,0x00000000b7c80000)
 Metaspace       used 102939K, capacity 109588K, committed 112404K, reserved 1146880K
  class space    used 13164K, capacity 14206K, committed 14908K, reserved 1048576K
}
Event: 28847.759 GC heap before
{Heap before GC invocations=37 (full 6):
 PSYoungGen      total 324096K, used 289357K [0x00000000e0000000, 0x00000000f6700000, 0x0000000100000000)
  eden space 280064K, 100% used [0x00000000e0000000,0x00000000f1180000,0x00000000f1180000)
  from space 44032K, 21% used [0x00000000f3b80000,0x00000000f4493640,0x00000000f6680000)
  to   space 43008K, 0% used [0x00000000f1180000,0x00000000f1180000,0x00000000f3b80000)
 ParOldGen       total 389632K, used 57929K [0x00000000a0000000, 0x00000000b7c80000, 0x00000000e0000000)
  object space 389632K, 14% used [0x00000000a0000000,0x00000000a38925f0,0x00000000b7c80000)
 Metaspace       used 103615K, capacity 110534K, committed 112660K, reserved 1146880K
  class space    used 13234K, capacity 14355K, committed 14908K, reserved 1048576K
Event: 28847.765 GC heap after
Heap after GC invocations=37 (full 6):
 PSYoungGen      total 323072K, used 4176K [0x00000000e0000000, 0x00000000f7200000, 0x0000000100000000)
  eden space 280064K, 0% used [0x00000000e0000000,0x00000000e0000000,0x00000000f1180000)
  from space 43008K, 9% used [0x00000000f1180000,0x00000000f1594020,0x00000000f3b80000)
  to   space 42496K, 0% used [0x00000000f4880000,0x00000000f4880000,0x00000000f7200000)
 ParOldGen       total 389632K, used 57937K [0x00000000a0000000, 0x00000000b7c80000, 0x00000000e0000000)
  object space 389632K, 14% used [0x00000000a0000000,0x00000000a38945f0,0x00000000b7c80000)
 Metaspace       used 103615K, capacity 110534K, committed 112660K, reserved 1146880K
  class space    used 13234K, capacity 14355K, committed 14908K, reserved 1048576K
}
Event: 29370.962 GC heap before
{Heap before GC invocations=38 (full 6):
 PSYoungGen      total 323072K, used 284240K [0x00000000e0000000, 0x00000000f7200000, 0x0000000100000000)
  eden space 280064K, 100% used [0x00000000e0000000,0x00000000f1180000,0x00000000f1180000)
  from space 43008K, 9% used [0x00000000f1180000,0x00000000f1594020,0x00000000f3b80000)
  to   space 42496K, 0% used [0x00000000f4880000,0x00000000f4880000,0x00000000f7200000)
 ParOldGen       total 389632K, used 57937K [0x00000000a0000000, 0x00000000b7c80000, 0x00000000e0000000)
  object space 389632K, 14% used [0x00000000a0000000,0x00000000a38945f0,0x00000000b7c80000)
 Metaspace       used 104141K, capacity 111086K, committed 113172K, reserved 1146880K
  class space    used 13242K, capacity 14361K, committed 14908K, reserved 1048576K
Event: 29370.976 GC heap after
Heap after GC invocations=38 (full 6):
 PSYoungGen      total 327168K, used 8081K [0x00000000e0000000, 0x00000000f6c00000, 0x0000000100000000)
  eden space 290816K, 0% used [0x00000000e0000000,0x00000000e0000000,0x00000000f1c00000)
  from space 36352K, 22% used [0x00000000f4880000,0x00000000f50644a0,0x00000000f6c00000)
  to   space 40960K, 0% used [0x00000000f1c00000,0x00000000f1c00000,0x00000000f4400000)
 ParOldGen       total 389632K, used 57945K [0x00000000a0000000, 0x00000000b7c80000, 0x00000000e0000000)
  object space 389632K, 14% used [0x00000000a0000000,0x00000000a38965f0,0x00000000b7c80000)
 Metaspace       used 104141K, capacity 111086K, committed 113172K, reserved 1146880K
  class space    used 13242K, capacity 14361K, committed 14908K, reserved 1048576K
}
Event: 29752.960 GC heap before
{Heap before GC invocations=39 (full 6):
 PSYoungGen      total 327168K, used 298897K [0x00000000e0000000, 0x00000000f6c00000, 0x0000000100000000)
  eden space 290816K, 100% used [0x00000000e0000000,0x00000000f1c00000,0x00000000f1c00000)
  from space 36352K, 22% used [0x00000000f4880000,0x00000000f50644a0,0x00000000f6c00000)
  to   space 40960K, 0% used [0x00000000f1c00000,0x00000000f1c00000,0x00000000f4400000)
 ParOldGen       total 389632K, used 57945K [0x00000000a0000000, 0x00000000b7c80000, 0x00000000e0000000)
  object space 389632K, 14% used [0x00000000a0000000,0x00000000a38965f0,0x00000000b7c80000)
 Metaspace       used 104320K, capacity 111296K, committed 113428K, reserved 1148928K
  class space    used 13249K, capacity 14374K, committed 14908K, reserved 1048576K
Event: 29752.967 GC heap after
Heap after GC invocations=39 (full 6):
 PSYoungGen      total 331776K, used 10288K [0x00000000e0000000, 0x00000000f7180000, 0x0000000100000000)
  eden space 290816K, 0% used [0x00000000e0000000,0x00000000e0000000,0x00000000f1c00000)
  from space 40960K, 25% used [0x00000000f1c00000,0x00000000f260c030,0x00000000f4400000)
  to   space 39424K, 0% used [0x00000000f4b00000,0x00000000f4b00000,0x00000000f7180000)
 ParOldGen       total 389632K, used 57953K [0x00000000a0000000, 0x00000000b7c80000, 0x00000000e0000000)
  object space 389632K, 14% used [0x00000000a0000000,0x00000000a38985f0,0x00000000b7c80000)
 Metaspace       used 104320K, capacity 111296K, committed 113428K, reserved 1148928K
  class space    used 13249K, capacity 14374K, committed 14908K, reserved 1048576K
}

